<?xml version="1.0" encoding="UTF-8"?>
<!-- Generated by org.testng.reporters.JUnitReportReporter -->
<testsuite skipped="0" hostname="GO-LNX-KRISHANG" name="org.testing.TestScripts.TC1" tests="1" failures="0" timestamp="2023-01-22T01:41:11 IST" time="26.968" errors="0">
  <testcase name="validateSecurianLogoIsDisplayed" time="26.968" classname="org.testing.TestScripts.TC1"/>
  <system-out/>
</testsuite> <!-- org.testing.TestScripts.TC1 -->
