<?xml version="1.0" encoding="UTF-8"?>
<!-- Generated by org.testng.reporters.JUnitReportReporter -->
<testsuite hostname="DESKTOP-8T3LUPS" failures="0" tests="11" name="org.testing.TestScripts.RcAllRequiredFieldsTestScript" time="9.939" errors="0" timestamp="2023-01-23T14:13:45 IST" skipped="0">
  <testcase classname="org.testing.TestScripts.RcAllRequiredFieldsTestScript" name="validateCurrentAgeInputBoxIsDisplayed" time="0.109"/>
  <system-out/>
  <testcase classname="org.testing.TestScripts.RcAllRequiredFieldsTestScript" name="validateCurrentAge" time="0.386"/>
  <system-out/>
  <testcase classname="org.testing.TestScripts.RcAllRequiredFieldsTestScript" name="validateRetirementAge" time="0.115"/>
  <system-out/>
  <testcase classname="org.testing.TestScripts.RcAllRequiredFieldsTestScript" name="validateCurrentIncome" time="0.182"/>
  <system-out/>
  <testcase classname="org.testing.TestScripts.RcAllRequiredFieldsTestScript" name="validateCToSavingTxtBox" time="0.185"/>
  <system-out/>
  <testcase classname="org.testing.TestScripts.RcAllRequiredFieldsTestScript" name="validateCurrentlySavingTxtBox" time="0.121"/>
  <system-out/>
  <testcase classname="org.testing.TestScripts.RcAllRequiredFieldsTestScript" name="validateIncreaseSavingRateTxtBox" time="0.119"/>
  <system-out/>
  <testcase classname="org.testing.TestScripts.RcAllRequiredFieldsTestScript" name="validateSocialSecurityYesButtonIsEnabled" time="2.270"/>
  <system-out/>
  <testcase classname="org.testing.TestScripts.RcAllRequiredFieldsTestScript" name="validateMaritalStatusIsEnabled" time="4.146"/>
  <system-out/>
  <testcase classname="org.testing.TestScripts.RcAllRequiredFieldsTestScript" name="validateSocialSecurityOverrideTxtBox" time="0.127"/>
  <system-out/>
  <testcase classname="org.testing.TestScripts.RcAllRequiredFieldsTestScript" name="validateCalculateButton" time="2.179"/>
  <system-out/>
</testsuite> <!-- org.testing.TestScripts.RcAllRequiredFieldsTestScript -->
