<?xml version="1.0" encoding="UTF-8"?>
<!-- Generated by org.testng.reporters.JUnitReportReporter -->
<testsuite skipped="0" hostname="GO-LNX-KRISHANG" name="org.testing.TestScripts.RcAllRequiredFieldsTestScripts" tests="14" failures="0" timestamp="2023-01-23T03:14:24 IST" time="13.232" errors="0">
  <testcase name="validateSecurianLogoIsDisplayed" time="1.381" classname="org.testing.TestScripts.RcAllRequiredFieldsTestScripts"/>
  <system-out/>
  <testcase name="validateCurrentAgeInputBoxIsDisplayed" time="0.110" classname="org.testing.TestScripts.RcAllRequiredFieldsTestScripts"/>
  <system-out/>
  <testcase name="validateCurrentAge" time="0.427" classname="org.testing.TestScripts.RcAllRequiredFieldsTestScripts"/>
  <system-out/>
  <testcase name="validateRetirementAge" time="0.568" classname="org.testing.TestScripts.RcAllRequiredFieldsTestScripts"/>
  <system-out/>
  <testcase name="validateCurrentIncome" time="0.398" classname="org.testing.TestScripts.RcAllRequiredFieldsTestScripts"/>
  <system-out/>
  <testcase name="validateSpouseIncome" time="0.303" classname="org.testing.TestScripts.RcAllRequiredFieldsTestScripts"/>
  <system-out/>
  <testcase name="validateCToSavingTxtBox" time="0.383" classname="org.testing.TestScripts.RcAllRequiredFieldsTestScripts"/>
  <system-out/>
  <testcase name="validateCurrentlySavingTxtBox" time="0.257" classname="org.testing.TestScripts.RcAllRequiredFieldsTestScripts"/>
  <system-out/>
  <testcase name="validateIncreaseSavingRateTxtBox" time="0.335" classname="org.testing.TestScripts.RcAllRequiredFieldsTestScripts"/>
  <system-out/>
  <testcase name="validateSocialSecurityYesButtonIsEnabled" time="2.334" classname="org.testing.TestScripts.RcAllRequiredFieldsTestScripts"/>
  <system-out/>
  <testcase name="validateMaritalStatusIsEnabled" time="4.193" classname="org.testing.TestScripts.RcAllRequiredFieldsTestScripts"/>
  <system-out/>
  <testcase name="validateSocialSecurityOverrideTxtBox" time="0.258" classname="org.testing.TestScripts.RcAllRequiredFieldsTestScripts"/>
  <system-out/>
  <testcase name="validateCalculateButton" time="2.206" classname="org.testing.TestScripts.RcAllRequiredFieldsTestScripts"/>
  <system-out/>
  <testcase name="validatePageTitleTest" time="0.079" classname="org.testing.TestScripts.RcAllRequiredFieldsTestScripts"/>
  <system-out/>
</testsuite> <!-- org.testing.TestScripts.RcAllRequiredFieldsTestScripts -->
