<?xml version="1.0" encoding="UTF-8"?>
<!-- Generated by org.testng.reporters.JUnitReportReporter -->
<testsuite skipped="0" hostname="GO-LNX-KRISHANG" name="org.testing.TestScripts.RetirementCalaculatorTestScripts" tests="14" failures="0" timestamp="2023-01-23T03:04:22 IST" time="13.195" errors="0">
  <testcase name="validateSecurianLogoIsDisplayed" time="0.374" classname="org.testing.TestScripts.RetirementCalaculatorTestScripts"/>
  <system-out/>
  <testcase name="validateCurrentAgeInputBoxIsDisplayed" time="0.833" classname="org.testing.TestScripts.RetirementCalaculatorTestScripts"/>
  <system-out/>
  <testcase name="validateCurrentAge" time="0.426" classname="org.testing.TestScripts.RetirementCalaculatorTestScripts"/>
  <system-out/>
  <testcase name="validateRetirementAge" time="0.388" classname="org.testing.TestScripts.RetirementCalaculatorTestScripts"/>
  <system-out/>
  <testcase name="validateCurrentIncome" time="0.780" classname="org.testing.TestScripts.RetirementCalaculatorTestScripts"/>
  <system-out/>
  <testcase name="validateSpouseIncome" time="0.388" classname="org.testing.TestScripts.RetirementCalaculatorTestScripts"/>
  <system-out/>
  <testcase name="validateCToSavingTxtBox" time="0.353" classname="org.testing.TestScripts.RetirementCalaculatorTestScripts"/>
  <system-out/>
  <testcase name="validateCurrentlySavingTxtBox" time="0.249" classname="org.testing.TestScripts.RetirementCalaculatorTestScripts"/>
  <system-out/>
  <testcase name="validateIncreaseSavingRateTxtBox" time="0.286" classname="org.testing.TestScripts.RetirementCalaculatorTestScripts"/>
  <system-out/>
  <testcase name="validateSocialSecurityYesButtonIsEnabled" time="2.369" classname="org.testing.TestScripts.RetirementCalaculatorTestScripts"/>
  <system-out/>
  <testcase name="validateMaritalStatusIsEnabled" time="4.177" classname="org.testing.TestScripts.RetirementCalaculatorTestScripts"/>
  <system-out/>
  <testcase name="validateSocialSecurityOverrideTxtBox" time="0.266" classname="org.testing.TestScripts.RetirementCalaculatorTestScripts"/>
  <system-out/>
  <testcase name="validateCalculateButton" time="2.213" classname="org.testing.TestScripts.RetirementCalaculatorTestScripts"/>
  <system-out/>
  <testcase name="validatePageTitleTest" time="0.093" classname="org.testing.TestScripts.RetirementCalaculatorTestScripts"/>
  <system-out/>
</testsuite> <!-- org.testing.TestScripts.RetirementCalaculatorTestScripts -->
