<?xml version="1.0" encoding="UTF-8"?>
<!-- Generated by org.testng.reporters.JUnitReportReporter -->
<testsuite skipped="0" hostname="GO-LNX-KRISHANG" name="org.testing.TestScripts.RcSocialSecurityNo" tests="7" failures="0" timestamp="2023-01-23T03:28:16 IST" time="5.927" errors="0">
  <testcase name="validateCurrentAge" time="1.756" classname="org.testing.TestScripts.RcSocialSecurityNo"/>
  <system-out/>
  <testcase name="validateRetirementAge" time="0.366" classname="org.testing.TestScripts.RcSocialSecurityNo"/>
  <system-out/>
  <testcase name="validateCurrentIncome" time="0.648" classname="org.testing.TestScripts.RcSocialSecurityNo"/>
  <system-out/>
  <testcase name="validateCToSavingTxtBox" time="0.346" classname="org.testing.TestScripts.RcSocialSecurityNo"/>
  <system-out/>
  <testcase name="validateCurrentlySavingTxtBox" time="0.271" classname="org.testing.TestScripts.RcSocialSecurityNo"/>
  <system-out/>
  <testcase name="validateIncreaseSavingRateTxtBox" time="0.327" classname="org.testing.TestScripts.RcSocialSecurityNo"/>
  <system-out/>
  <testcase name="validateCalculateButton" time="2.213" classname="org.testing.TestScripts.RcSocialSecurityNo"/>
  <system-out/>
</testsuite> <!-- org.testing.TestScripts.RcSocialSecurityNo -->
