<?xml version="1.0" encoding="UTF-8"?>
<!-- Generated by org.testng.reporters.JUnitReportReporter -->
<testsuite hostname="DESKTOP-8T3LUPS" failures="0" tests="22" name="org.testing.TestScripts.RcUpdateDefalutCalculatorValueTestScript" time="17.340" errors="0" timestamp="2023-01-23T16:06:01 IST" skipped="0">
  <testcase classname="org.testing.TestScripts.RcUpdateDefalutCalculatorValueTestScript" name="validateSecurianLogoIsDisplayed" time="0.135"/>
  <system-out/>
  <testcase classname="org.testing.TestScripts.RcUpdateDefalutCalculatorValueTestScript" name="validateCurrentAgeInputBoxIsDisplayed" time="0.041"/>
  <system-out/>
  <testcase classname="org.testing.TestScripts.RcUpdateDefalutCalculatorValueTestScript" name="validateCurrentAge" time="0.247"/>
  <system-out/>
  <testcase classname="org.testing.TestScripts.RcUpdateDefalutCalculatorValueTestScript" name="validateRetirementAge" time="0.297"/>
  <system-out/>
  <testcase classname="org.testing.TestScripts.RcUpdateDefalutCalculatorValueTestScript" name="validateCurrentIncome" time="0.195"/>
  <system-out/>
  <testcase classname="org.testing.TestScripts.RcUpdateDefalutCalculatorValueTestScript" name="validateSpouseIncome" time="0.163"/>
  <system-out/>
  <testcase classname="org.testing.TestScripts.RcUpdateDefalutCalculatorValueTestScript" name="validateCToSavingTxtBox" time="0.162"/>
  <system-out/>
  <testcase classname="org.testing.TestScripts.RcUpdateDefalutCalculatorValueTestScript" name="validateCurrentlySavingTxtBox" time="0.120"/>
  <system-out/>
  <testcase classname="org.testing.TestScripts.RcUpdateDefalutCalculatorValueTestScript" name="validateIncreaseSavingRateTxtBox" time="0.120"/>
  <system-out/>
  <testcase classname="org.testing.TestScripts.RcUpdateDefalutCalculatorValueTestScript" name="validateSocialSecurityYesButtonIsEnabled" time="2.348"/>
  <system-out/>
  <testcase classname="org.testing.TestScripts.RcUpdateDefalutCalculatorValueTestScript" name="validateMaritalStatusIsEnabled" time="4.114"/>
  <system-out/>
  <testcase classname="org.testing.TestScripts.RcUpdateDefalutCalculatorValueTestScript" name="validateSocialSecurityOverrideTxtBox" time="0.123"/>
  <system-out/>
  <testcase classname="org.testing.TestScripts.RcUpdateDefalutCalculatorValueTestScript" name="validatePageTitleTest" time="0.007"/>
  <system-out/>
  <testcase classname="org.testing.TestScripts.RcUpdateDefalutCalculatorValueTestScript" name="validateAdjustDefaultValue" time="2.102"/>
  <system-out/>
  <testcase classname="org.testing.TestScripts.RcUpdateDefalutCalculatorValueTestScript" name="validateOtherIncomeTxtBox" time="0.159"/>
  <system-out/>
  <testcase classname="org.testing.TestScripts.RcUpdateDefalutCalculatorValueTestScript" name="validateRetirementDurationTextBox" time="0.149"/>
  <system-out/>
  <testcase classname="org.testing.TestScripts.RcUpdateDefalutCalculatorValueTestScript" name="validatePostRetirementInflationButton" time="2.155"/>
  <system-out/>
  <testcase classname="org.testing.TestScripts.RcUpdateDefalutCalculatorValueTestScript" name="validateRetirmentIncomeAnnual" time="0.182"/>
  <system-out/>
  <testcase classname="org.testing.TestScripts.RcUpdateDefalutCalculatorValueTestScript" name="validatePreretirmentInvestmentReturnTxtBox" time="0.149"/>
  <system-out/>
  <testcase classname="org.testing.TestScripts.RcUpdateDefalutCalculatorValueTestScript" name="validatePostRetirmentInvestmentReturnTxtBox" time="0.144"/>
  <system-out/>
  <testcase classname="org.testing.TestScripts.RcUpdateDefalutCalculatorValueTestScript" name="validateSaveChangesButton" time="2.097"/>
  <system-out/>
  <testcase classname="org.testing.TestScripts.RcUpdateDefalutCalculatorValueTestScript" name="validateCalculateButton" time="2.131"/>
  <system-out/>
</testsuite> <!-- org.testing.TestScripts.RcUpdateDefalutCalculatorValueTestScript -->
